<?xml version="1.0" encoding="UTF-8"?>
<!-- Generated by org.testng.reporters.JUnitXMLReporter -->
<testsuite ignored="0" hostname="DESKTOP-F09LMPV" failures="0" tests="4" name="Test" time="26.77" errors="0" timestamp="2021-09-14T07:34:42 IST">
  <testcase classname="tests.TwoTest" name="twoTest" time="0.008"/>
  <testcase classname="tests.LoginTest" name="login" time="2.403"/>
  <testcase classname="tests.LoginTest" name="login" time="11.779"/>
  <testcase classname="tests.ThreeTest" name="threeTest" time="0.001"/>
</testsuite> <!-- Test -->
